# JRE version: OpenJDK Runtime Environment (8.0_31-b13) (build 1.8.0_31-b13)
# Java VM: OpenJDK 64-Bit Server VM (25.31-b07 mixed mode linux-amd64 compressed oops)
Heap:
 PSYoungGen      total 240640K, used 37698K [0x00000000eab00000, 0x0000000100000000, 0x0000000100000000)
  eden space 174080K, 0% used [0x00000000eab00000,0x00000000eab00000,0x00000000f5500000)
  from space 66560K, 56% used [0x00000000fbf00000,0x00000000fe3d09a0,0x0000000100000000)
  to   space 87552K, 0% used [0x00000000f5500000,0x00000000f5500000,0x00000000faa80000)
 ParOldGen       total 304128K, used 303777K [0x00000000c0000000, 0x00000000d2900000, 0x00000000eab00000)
  object space 304128K, 99% used [0x00000000c0000000,0x00000000d28a8700,0x00000000d2900000)
 Metaspace       used 365516K, capacity 377042K, committed 384128K, reserved 1378304K
  class space    used 49646K, capacity 53893K, committed 56192K, reserved 1048576K
GC Heap History (10 events):
Event: 9944.662 GC heap after
Heap after GC invocations=111 (full 31):
 PSYoungGen      total 282112K, used 24161K [0x00000000eab00000, 0x00000000ffb00000, 0x0000000100000000)
  eden space 219648K, 0% used [0x00000000eab00000,0x00000000eab00000,0x00000000f8180000)
  from space 62464K, 38% used [0x00000000fbe00000,0x00000000fd5987c0,0x00000000ffb00000)
  to   space 61952K, 0% used [0x00000000f8180000,0x00000000f8180000,0x00000000fbe00000)
 ParOldGen       total 304128K, used 282180K [0x00000000c0000000, 0x00000000d2900000, 0x00000000eab00000)
  object space 304128K, 92% used [0x00000000c0000000,0x00000000d1391358,0x00000000d2900000)
 Metaspace       used 339283K, capacity 352622K, committed 354048K, reserved 1351680K
  class space    used 46049K, capacity 50906K, committed 51456K, reserved 1048576K
}
Event: 9962.399 GC heap before
{Heap before GC invocations=112 (full 31):
 PSYoungGen      total 282112K, used 243809K [0x00000000eab00000, 0x00000000ffb00000, 0x0000000100000000)
  eden space 219648K, 100% used [0x00000000eab00000,0x00000000f8180000,0x00000000f8180000)
  from space 62464K, 38% used [0x00000000fbe00000,0x00000000fd5987c0,0x00000000ffb00000)
  to   space 61952K, 0% used [0x00000000f8180000,0x00000000f8180000,0x00000000fbe00000)
 ParOldGen       total 304128K, used 282180K [0x00000000c0000000, 0x00000000d2900000, 0x00000000eab00000)
  object space 304128K, 92% used [0x00000000c0000000,0x00000000d1391358,0x00000000d2900000)
 Metaspace       used 346385K, capacity 360406K, committed 361344K, reserved 1357824K
  class space    used 47074K, capacity 52205K, committed 52608K, reserved 1048576K
Event: 9962.440 GC heap after
Heap after GC invocations=112 (full 31):
 PSYoungGen      total 281600K, used 39363K [0x00000000eab00000, 0x00000000ffe80000, 0x0000000100000000)
  eden space 219648K, 0% used [0x00000000eab00000,0x00000000eab00000,0x00000000f8180000)
  from space 61952K, 63% used [0x00000000f8180000,0x00000000fa7f0ca0,0x00000000fbe00000)
  to   space 61440K, 0% used [0x00000000fc280000,0x00000000fc280000,0x00000000ffe80000)
 ParOldGen       total 304128K, used 282188K [0x00000000c0000000, 0x00000000d2900000, 0x00000000eab00000)
  object space 304128K, 92% used [0x00000000c0000000,0x00000000d1393358,0x00000000d2900000)
 Metaspace       used 346385K, capacity 360406K, committed 361344K, reserved 1357824K
  class space    used 47074K, capacity 52205K, committed 52608K, reserved 1048576K
}
Event: 9972.261 GC heap before
{Heap before GC invocations=113 (full 31):
 PSYoungGen      total 281600K, used 259011K [0x00000000eab00000, 0x00000000ffe80000, 0x0000000100000000)
  eden space 219648K, 100% used [0x00000000eab00000,0x00000000f8180000,0x00000000f8180000)
  from space 61952K, 63% used [0x00000000f8180000,0x00000000fa7f0ca0,0x00000000fbe00000)
  to   space 61440K, 0% used [0x00000000fc280000,0x00000000fc280000,0x00000000ffe80000)
 ParOldGen       total 304128K, used 282188K [0x00000000c0000000, 0x00000000d2900000, 0x00000000eab00000)
  object space 304128K, 92% used [0x00000000c0000000,0x00000000d1393358,0x00000000d2900000)
 Metaspace       used 353565K, capacity 368206K, committed 368640K, reserved 1363968K
  class space    used 48122K, capacity 53512K, committed 53760K, reserved 1048576K
Event: 9972.372 GC heap after
Heap after GC invocations=113 (full 31):
 PSYoungGen      total 277504K, used 53973K [0x00000000eab00000, 0x0000000100000000, 0x0000000100000000)
  eden space 216064K, 0% used [0x00000000eab00000,0x00000000eab00000,0x00000000f7e00000)
  from space 61440K, 87% used [0x00000000fc280000,0x00000000ff735548,0x00000000ffe80000)
  to   space 66560K, 0% used [0x00000000f7e00000,0x00000000f7e00000,0x00000000fbf00000)
 ParOldGen       total 304128K, used 282188K [0x00000000c0000000, 0x00000000d2900000, 0x00000000eab00000)
  object space 304128K, 92% used [0x00000000c0000000,0x00000000d1393358,0x00000000d2900000)
 Metaspace       used 353565K, capacity 368206K, committed 368640K, reserved 1363968K
  class space    used 48122K, capacity 53512K, committed 53760K, reserved 1048576K
}
Event: 9979.306 GC heap before
{Heap before GC invocations=114 (full 31):
 PSYoungGen      total 277504K, used 270037K [0x00000000eab00000, 0x0000000100000000, 0x0000000100000000)
  eden space 216064K, 100% used [0x00000000eab00000,0x00000000f7e00000,0x00000000f7e00000)
  from space 61440K, 87% used [0x00000000fc280000,0x00000000ff735548,0x00000000ffe80000)
  to   space 66560K, 0% used [0x00000000f7e00000,0x00000000f7e00000,0x00000000fbf00000)
 ParOldGen       total 304128K, used 282188K [0x00000000c0000000, 0x00000000d2900000, 0x00000000eab00000)
  object space 304128K, 92% used [0x00000000c0000000,0x00000000d1393358,0x00000000d2900000)
 Metaspace       used 360811K, capacity 376098K, committed 376320K, reserved 1370112K
  class space    used 49175K, capacity 54847K, committed 55040K, reserved 1048576K
Event: 9979.389 GC heap after
Heap after GC invocations=114 (full 31):
 PSYoungGen      total 282624K, used 66548K [0x00000000eab00000, 0x0000000100000000, 0x0000000100000000)
  eden space 216064K, 0% used [0x00000000eab00000,0x00000000eab00000,0x00000000f7e00000)
  from space 66560K, 99% used [0x00000000f7e00000,0x00000000fbefd2a0,0x00000000fbf00000)
  to   space 66560K, 0% used [0x00000000fbf00000,0x00000000fbf00000,0x0000000100000000)
 ParOldGen       total 304128K, used 283869K [0x00000000c0000000, 0x00000000d2900000, 0x00000000eab00000)
  object space 304128K, 93% used [0x00000000c0000000,0x00000000d1537798,0x00000000d2900000)
 Metaspace       used 360811K, capacity 376098K, committed 376320K, reserved 1370112K
  class space    used 49175K, capacity 54847K, committed 55040K, reserved 1048576K
}
Event: 10267.396 GC heap before
{Heap before GC invocations=115 (full 31):
 PSYoungGen      total 282624K, used 282612K [0x00000000eab00000, 0x0000000100000000, 0x0000000100000000)
  eden space 216064K, 100% used [0x00000000eab00000,0x00000000f7e00000,0x00000000f7e00000)
  from space 66560K, 99% used [0x00000000f7e00000,0x00000000fbefd2a0,0x00000000fbf00000)
  to   space 66560K, 0% used [0x00000000fbf00000,0x00000000fbf00000,0x0000000100000000)
 ParOldGen       total 304128K, used 283869K [0x00000000c0000000, 0x00000000d2900000, 0x00000000eab00000)
  object space 304128K, 93% used [0x00000000c0000000,0x00000000d1537798,0x00000000d2900000)
 Metaspace       used 367932K, capacity 383888K, committed 384128K, reserved 1378304K
  class space    used 50213K, capacity 56152K, committed 56192K, reserved 1048576K
Event: 10267.490 GC heap after
Heap after GC invocations=115 (full 31):
 PSYoungGen      total 240640K, used 66554K [0x00000000eab00000, 0x0000000100000000, 0x0000000100000000)
  eden space 174080K, 0% used [0x00000000eab00000,0x00000000eab00000,0x00000000f5500000)
  from space 66560K, 99% used [0x00000000fbf00000,0x00000000ffffeb30,0x0000000100000000)
  to   space 87552K, 0% used [0x00000000f5500000,0x00000000f5500000,0x00000000faa80000)
 ParOldGen       total 304128K, used 299473K [0x00000000c0000000, 0x00000000d2900000, 0x00000000eab00000)
  object space 304128K, 98% used [0x00000000c0000000,0x00000000d2474530,0x00000000d2900000)
 Metaspace       used 367932K, capacity 383888K, committed 384128K, reserved 1378304K
  class space    used 50213K, capacity 56152K, committed 56192K, reserved 1048576K
}
Event: 10267.490 GC heap before
{Heap before GC invocations=116 (full 32):
 PSYoungGen      total 240640K, used 66554K [0x00000000eab00000, 0x0000000100000000, 0x0000000100000000)
  eden space 174080K, 0% used [0x00000000eab00000,0x00000000eab00000,0x00000000f5500000)
  from space 66560K, 99% used [0x00000000fbf00000,0x00000000ffffeb30,0x0000000100000000)
  to   space 87552K, 0% used [0x00000000f5500000,0x00000000f5500000,0x00000000faa80000)
 ParOldGen       total 304128K, used 299473K [0x00000000c0000000, 0x00000000d2900000, 0x00000000eab00000)
  object space 304128K, 98% used [0x00000000c0000000,0x00000000d2474530,0x00000000d2900000)
 Metaspace       used 367932K, capacity 383888K, committed 384128K, reserved 1378304K
  class space    used 50213K, capacity 56152K, committed 56192K, reserved 1048576K

